c:\users\me\documents\github\townie\townietry3\debug\vc140.pdb
c:\users\me\documents\github\townie\townietry3\debug\vc140.idb
c:\users\me\documents\github\townie\townietry3\debug\debugger.obj
c:\users\me\documents\github\townie\townietry3\debug\enginemain.obj
c:\users\me\documents\github\townie\townietry3\debug\entity.obj
c:\users\me\documents\github\townie\townietry3\debug\gui.obj
c:\users\me\documents\github\townie\townietry3\debug\hero.obj
c:\users\me\documents\github\townie\townietry3\debug\item.obj
c:\users\me\documents\github\townie\townietry3\debug\main.obj
c:\users\me\documents\github\townie\townietry3\debug\map.obj
c:\users\me\documents\github\townie\townietry3\debug\mapwindow.obj
c:\users\me\documents\github\townie\townietry3\debug\monster.obj
c:\users\me\documents\github\townie\townietry3\debug\monsterzone.obj
c:\users\me\documents\github\townie\townietry3\debug\navigator.obj
c:\users\me\documents\github\townie\townietry3\debug\resourceloader.obj
c:\users\me\documents\github\townie\townietry3\debug\store.obj
c:\users\me\documents\github\townie\townietry3\debug\structure.obj
c:\users\me\documents\github\townie\townietry3\debug\vector.obj
c:\users\me\documents\github\townie\townietry3\debug\weapon.obj
c:\users\me\documents\github\townie\townietry3\debug\window.obj
c:\users\me\documents\github\townie\townietry3\debug\wobject.obj
c:\users\me\documents\github\townie\townietry3\debug\zone.obj
c:\users\me\documents\github\townie\debug\townietry3.ilk
c:\users\me\documents\github\townie\debug\townietry3.exe
c:\users\me\documents\github\townie\debug\townietry3.pdb
c:\users\me\documents\github\townie\townietry3\debug\townietry3.tlog\cl.command.1.tlog
c:\users\me\documents\github\townie\townietry3\debug\townietry3.tlog\cl.read.1.tlog
c:\users\me\documents\github\townie\townietry3\debug\townietry3.tlog\cl.write.1.tlog
c:\users\me\documents\github\townie\townietry3\debug\townietry3.tlog\link.command.1.tlog
c:\users\me\documents\github\townie\townietry3\debug\townietry3.tlog\link.read.1.tlog
c:\users\me\documents\github\townie\townietry3\debug\townietry3.tlog\link.write.1.tlog
